<?xml version="1.0" encoding="UTF-8"?>
<!-- Generated by org.testng.reporters.JUnitReportReporter -->
<testsuite skipped="0" hostname="DESKTOP-PKDHI5I" name="test.AddcontactTest" tests="1" failures="0" timestamp="2022-12-02T13:24:26 CST" time="5.744" errors="0">
  <testcase name="UserShouldBeAbleTogotoAddContactPage" time="5.744" classname="test.AddcontactTest"/>
  <system-out/>
</testsuite> <!-- test.AddcontactTest -->
