<?xml version="1.0" encoding="UTF-8"?>
<!-- Generated by org.testng.reporters.JUnitReportReporter -->
<testsuite skipped="0" hostname="DESKTOP-PKDHI5I" name="test.LoginTest" tests="1" failures="0" timestamp="2022-11-30T12:24:17 CST" time="7.088" errors="0">
  <testcase name="UserShouldBeAbleToLogin" time="7.088" classname="test.LoginTest"/>
  <system-out/>
</testsuite> <!-- test.LoginTest -->
